<?xml version="1.0" encoding="UTF-8"?>
<!-- Generated by org.testng.reporters.JUnitReportReporter -->
<testsuite name="com.CRM.qa.testcases.HomePageTest" tests="1" time="39.566" ignored="0" failures="0" timestamp="09 Oct 2018 09:23:20 GMT" skipped="0" hostname="DESKTOP-LSLNL4U" errors="0">
  <testcase name="verifyHomePageTitleTest" time="39.566" classname="com.CRM.qa.testcases.HomePageTest"/>
</testsuite> <!-- com.CRM.qa.testcases.HomePageTest -->
