<?xml version="1.0" encoding="UTF-8"?>
<!-- Generated by org.testng.reporters.JUnitReportReporter -->
<testsuite name="com.CRM.qa.testcases.LoginPageTest" tests="3" time="70.144" ignored="0" failures="0" timestamp="17 Oct 2018 05:40:07 GMT" skipped="0" hostname="DESKTOP-LSLNL4U" errors="0">
  <testcase name="loginTest" time="26.201" classname="com.CRM.qa.testcases.LoginPageTest"/>
  <testcase name="loginpageTitleTest" time="12.130" classname="com.CRM.qa.testcases.LoginPageTest"/>
  <testcase name="CRMlogoTest" time="31.813" classname="com.CRM.qa.testcases.LoginPageTest"/>
</testsuite> <!-- com.CRM.qa.testcases.LoginPageTest -->
